<?xml version="1.0" encoding="UTF-8"?>
<!-- Generated by org.testng.reporters.JUnitReportReporter -->
<testsuite hostname="user1" failures="0" tests="3" name="ramya.Parallel1" time="0.137" errors="0" timestamp="2020-03-24T17:35:04 IST" skipped="0">
  <testcase classname="ramya.Parallel1" name="testcase2" time="0.046"/>
  <system-out/>
  <testcase classname="ramya.Parallel1" name="testcase3" time="0.044"/>
  <system-out/>
  <testcase classname="ramya.Parallel1" name="testcase1" time="0.047"/>
  <system-out/>
</testsuite> <!-- ramya.Parallel1 -->
