<?xml version="1.0" encoding="UTF-8"?>
<!-- Generated by org.testng.reporters.JUnitReportReporter -->
<testsuite hostname="user1" failures="0" tests="1" name="cts.miniproject.test.DdExcelWordpressLogin1" time="0.000" errors="0" timestamp="2020-03-27T15:04:04 IST" skipped="1">
  <testcase classname="cts.miniproject.test.DdExcelWordpressLogin1" name="loginToWordpress" time="0.000">
    <skipped/>
  </testcase> <!-- loginToWordpress -->
  <system-out/>
</testsuite> <!-- cts.miniproject.test.DdExcelWordpressLogin1 -->
