<?xml version="1.0" encoding="UTF-8"?>
<!-- Generated by org.testng.reporters.JUnitReportReporter -->
<testsuite hostname="user1" failures="0" tests="2" name="cts.miniproject.utility.ValidAndInvalidLogin" time="30.274" errors="0" timestamp="2020-03-25T17:52:41 IST" skipped="0">
  <testcase classname="cts.miniproject.utility.ValidAndInvalidLogin" name="validlogin" time="15.140"/>
  <system-out/>
  <testcase classname="cts.miniproject.utility.ValidAndInvalidLogin" name="Invalidlogin" time="15.134"/>
  <system-out/>
</testsuite> <!-- cts.miniproject.utility.ValidAndInvalidLogin -->
