<?xml version="1.0" encoding="UTF-8"?>
<!-- Generated by org.testng.reporters.JUnitReportReporter -->
<testsuite hostname="user1" failures="0" tests="5" name="ramya.Display" time="0.057" errors="0" timestamp="2020-03-24T15:17:48 IST" skipped="0">
  <testcase classname="ramya.Display" name="customer2" time="0.005"/>
  <system-out/>
  <testcase classname="ramya.Display" name="customer3" time="0.012"/>
  <system-out/>
  <testcase classname="ramya.Display" name="admin1" time="0.028"/>
  <system-out/>
  <testcase classname="ramya.Display" name="customer1" time="0.005"/>
  <system-out/>
  <testcase classname="ramya.Display" name="admin2" time="0.007"/>
  <system-out/>
</testsuite> <!-- ramya.Display -->
