<?xml version="1.0" encoding="UTF-8"?>
<!-- Generated by org.testng.reporters.JUnitReportReporter -->
<testsuite hostname="user1" failures="0" tests="1" name="cts.testing.practise.ExtentReportDemo" time="2.470" errors="0" timestamp="2020-03-28T11:29:04 IST" skipped="0">
  <testcase classname="cts.testing.practise.ExtentReportDemo" name="loginTest" time="2.470"/>
  <system-out/>
</testsuite> <!-- cts.testing.practise.ExtentReportDemo -->
