<?xml version="1.0" encoding="UTF-8"?>
<!-- Generated by org.testng.reporters.JUnitReportReporter -->
<testsuite hostname="user1" failures="0" tests="1" name="cts.miniproject.test.VerifyWordpressLoginPageFactory" time="24.934" errors="0" timestamp="2020-03-26T12:50:03 IST" skipped="0">
  <testcase classname="cts.miniproject.test.VerifyWordpressLoginPageFactory" name="checkValidUser" time="24.934"/>
  <system-out/>
</testsuite> <!-- cts.miniproject.test.VerifyWordpressLoginPageFactory -->
