<?xml version="1.0" encoding="UTF-8"?>
<!-- Generated by org.testng.reporters.JUnitReportReporter -->
<testsuite hostname="user1" failures="0" tests="1" name="cts.miniproject.test.VerifyWordpressLogin" time="27.266" errors="0" timestamp="2020-03-26T11:05:02 IST" skipped="0">
  <testcase classname="cts.miniproject.test.VerifyWordpressLogin" name="verifyValidLogin" time="27.266"/>
  <system-out/>
</testsuite> <!-- cts.miniproject.test.VerifyWordpressLogin -->
