<?xml version="1.0" encoding="UTF-8"?>
<!-- Generated by org.testng.reporters.JUnitReportReporter -->
<testsuite hostname="user1" failures="0" tests="1" name="ramya.LoginScript" time="19.595" errors="0" timestamp="2020-03-25T17:55:35 IST" skipped="0">
  <testcase classname="ramya.LoginScript" name="LoginToAapplication" time="19.595"/>
  <system-out/>
</testsuite> <!-- ramya.LoginScript -->
