<?xml version="1.0" encoding="UTF-8"?>
<!-- Generated by org.testng.reporters.JUnitReportReporter -->
<testsuite hostname="user1" failures="0" tests="3" name="ramya.Parallel2" time="0.100" errors="0" timestamp="2020-03-24T17:35:04 IST" skipped="0">
  <testcase classname="ramya.Parallel2" name="testcase6" time="0.014"/>
  <system-out/>
  <testcase classname="ramya.Parallel2" name="testcase5" time="0.041"/>
  <system-out/>
  <testcase classname="ramya.Parallel2" name="testcase4" time="0.045"/>
  <system-out/>
</testsuite> <!-- ramya.Parallel2 -->
